<?xml version="1.0" encoding="UTF-8" ?>
<testsuite tests="1" failures="1" name="TestSuite" time="1,101.693" errors="0" skipped="0">
  <properties>
    <property name="java.runtime.name" value="Java(TM) SE Runtime Environment"/>
    <property name="sun.boot.library.path" value="C:\Program Files\Java\jdk1.8.0_211\jre\bin"/>
    <property name="java.vm.version" value="25.211-b12"/>
    <property name="java.vm.vendor" value="Oracle Corporation"/>
    <property name="java.vendor.url" value="http://java.oracle.com/"/>
    <property name="path.separator" value=";"/>
    <property name="java.vm.name" value="Java HotSpot(TM) 64-Bit Server VM"/>
    <property name="file.encoding.pkg" value="sun.io"/>
    <property name="user.script" value=""/>
    <property name="user.country" value="IN"/>
    <property name="sun.java.launcher" value="SUN_STANDARD"/>
    <property name="sun.os.patch.level" value=""/>
    <property name="java.vm.specification.name" value="Java Virtual Machine Specification"/>
    <property name="user.dir" value="C:\Users\tejaswini\Desktop\com.scrapPlant.test"/>
    <property name="java.runtime.version" value="1.8.0_211-b12"/>
    <property name="java.awt.graphicsenv" value="sun.awt.Win32GraphicsEnvironment"/>
    <property name="basedir" value="C:\Users\tejaswini\Desktop\com.scrapPlant.test"/>
    <property name="java.endorsed.dirs" value="C:\Program Files\Java\jdk1.8.0_211\jre\lib\endorsed"/>
    <property name="os.arch" value="amd64"/>
    <property name="surefire.real.class.path" value="C:\Users\TEJASW~1\AppData\Local\Temp\surefirebooter983461913171739675.jar;C:\Users\tejaswini\.m2\repository/org/aspectj/aspectjweaver/1.8.5/aspectjweaver-1.8.5.jar"/>
    <property name="java.io.tmpdir" value="C:\Users\TEJASW~1\AppData\Local\Temp\"/>
    <property name="line.separator" value="
"/>
    <property name="java.vm.specification.vendor" value="Oracle Corporation"/>
    <property name="user.variant" value=""/>
    <property name="os.name" value="Windows 10"/>
    <property name="sun.jnu.encoding" value="Cp1252"/>
    <property name="java.library.path" value="C:\Program Files\Java\jdk1.8.0_211\jre\bin;C:\Windows\Sun\Java\bin;C:\Windows\system32;C:\Windows;C:/Program Files/Java/jre1.8.0_211/bin/server;C:/Program Files/Java/jre1.8.0_211/bin;C:/Program Files/Java/jre1.8.0_211/lib/amd64;C:\Program Files (x86)\Common Files\Oracle\Java\javapath;C:\Windows\system32;C:\Windows;C:\Windows\System32\Wbem;C:\Windows\System32\WindowsPowerShell\v1.0\;C:\Windows\System32\OpenSSH\;C:\Program Files (x86)\Intel\Intel(R) Management Engine Components\DAL;C:\Program Files\Intel\Intel(R) Management Engine Components\DAL;C:\Program Files (x86)\NVIDIA Corporation\PhysX\Common;C:\Program Files\NVIDIA Corporation\NVIDIA NvDLISR;E:\New folder\apache-maven-3.6.1\bin;C:\Program Files\Java\jdk1.8.0_211\bin;C:\Program Files\Git\cmd;C:\Users\tejaswini\AppData\Local\Microsoft\WindowsApps;C:\Users\tejaswini\AppData\Local\GitHubDesktop\bin;C:\Users\tejaswini\Downloads\eclipse-jee-oxygen-3a-win32-x86_64\eclipse;;."/>
    <property name="surefire.test.class.path" value="C:\Users\tejaswini\Desktop\com.scrapPlant.test\target\test-classes;C:\Users\tejaswini\Desktop\com.scrapPlant.test\target\classes;C:\Users\tejaswini\.m2\repository\org\jsoup\jsoup\1.11.3\jsoup-1.11.3.jar;C:\Users\tejaswini\.m2\repository\org\slf4j\slf4j-api\1.7.25\slf4j-api-1.7.25.jar;C:\Users\tejaswini\.m2\repository\org\slf4j\slf4j-jdk14\1.7.25\slf4j-jdk14-1.7.25.jar;C:\Users\tejaswini\.m2\repository\org\apache\poi\poi\3.17\poi-3.17.jar;C:\Users\tejaswini\.m2\repository\commons-codec\commons-codec\1.10\commons-codec-1.10.jar;C:\Users\tejaswini\.m2\repository\org\apache\commons\commons-collections4\4.1\commons-collections4-4.1.jar;C:\Users\tejaswini\.m2\repository\org\apache\poi\poi-ooxml\3.17\poi-ooxml-3.17.jar;C:\Users\tejaswini\.m2\repository\org\apache\poi\poi-ooxml-schemas\3.17\poi-ooxml-schemas-3.17.jar;C:\Users\tejaswini\.m2\repository\org\apache\xmlbeans\xmlbeans\2.6.0\xmlbeans-2.6.0.jar;C:\Users\tejaswini\.m2\repository\stax\stax-api\1.0.1\stax-api-1.0.1.jar;C:\Users\tejaswini\.m2\repository\com\github\virtuald\curvesapi\1.04\curvesapi-1.04.jar;C:\Users\tejaswini\.m2\repository\org\seleniumhq\selenium\selenium-server\3.11.0\selenium-server-3.11.0.jar;C:\Users\tejaswini\.m2\repository\org\seleniumhq\selenium\selenium-api\3.11.0\selenium-api-3.11.0.jar;C:\Users\tejaswini\.m2\repository\org\seleniumhq\selenium\selenium-chrome-driver\3.11.0\selenium-chrome-driver-3.11.0.jar;C:\Users\tejaswini\.m2\repository\org\seleniumhq\selenium\selenium-edge-driver\3.11.0\selenium-edge-driver-3.11.0.jar;C:\Users\tejaswini\.m2\repository\org\seleniumhq\selenium\selenium-firefox-driver\3.11.0\selenium-firefox-driver-3.11.0.jar;C:\Users\tejaswini\.m2\repository\org\seleniumhq\selenium\selenium-ie-driver\3.11.0\selenium-ie-driver-3.11.0.jar;C:\Users\tejaswini\.m2\repository\org\seleniumhq\selenium\selenium-opera-driver\3.11.0\selenium-opera-driver-3.11.0.jar;C:\Users\tejaswini\.m2\repository\org\seleniumhq\selenium\selenium-remote-driver\3.11.0\selenium-remote-driver-3.11.0.jar;C:\Users\tejaswini\.m2\repository\org\seleniumhq\selenium\selenium-safari-driver\3.11.0\selenium-safari-driver-3.11.0.jar;C:\Users\tejaswini\.m2\repository\org\seleniumhq\selenium\selenium-support\3.11.0\selenium-support-3.11.0.jar;C:\Users\tejaswini\.m2\repository\com\beust\jcommander\1.72\jcommander-1.72.jar;C:\Users\tejaswini\.m2\repository\net\bytebuddy\byte-buddy\1.7.9\byte-buddy-1.7.9.jar;C:\Users\tejaswini\.m2\repository\org\apache\commons\commons-exec\1.3\commons-exec-1.3.jar;C:\Users\tejaswini\.m2\repository\org\apache\commons\commons-lang3\3.7\commons-lang3-3.7.jar;C:\Users\tejaswini\.m2\repository\org\apache\commons\commons-text\1.1\commons-text-1.1.jar;C:\Users\tejaswini\.m2\repository\commons-io\commons-io\2.6\commons-io-2.6.jar;C:\Users\tejaswini\.m2\repository\commons-logging\commons-logging\1.2\commons-logging-1.2.jar;C:\Users\tejaswini\.m2\repository\commons-net\commons-net\3.6\commons-net-3.6.jar;C:\Users\tejaswini\.m2\repository\org\w3c\css\sac\1.3\sac-1.3.jar;C:\Users\tejaswini\.m2\repository\net\sourceforge\cssparser\cssparser\0.9.24\cssparser-0.9.24.jar;C:\Users\tejaswini\.m2\repository\com\google\code\gson\gson\2.8.2\gson-2.8.2.jar;C:\Users\tejaswini\.m2\repository\com\google\guava\guava\23.6-jre\guava-23.6-jre.jar;C:\Users\tejaswini\.m2\repository\com\google\code\findbugs\jsr305\1.3.9\jsr305-1.3.9.jar;C:\Users\tejaswini\.m2\repository\org\checkerframework\checker-compat-qual\2.0.0\checker-compat-qual-2.0.0.jar;C:\Users\tejaswini\.m2\repository\com\google\errorprone\error_prone_annotations\2.1.3\error_prone_annotations-2.1.3.jar;C:\Users\tejaswini\.m2\repository\com\google\j2objc\j2objc-annotations\1.1\j2objc-annotations-1.1.jar;C:\Users\tejaswini\.m2\repository\org\codehaus\mojo\animal-sniffer-annotations\1.14\animal-sniffer-annotations-1.14.jar;C:\Users\tejaswini\.m2\repository\net\sourceforge\htmlunit\htmlunit\2.29\htmlunit-2.29.jar;C:\Users\tejaswini\.m2\repository\net\sourceforge\htmlunit\htmlunit-core-js\2.28\htmlunit-core-js-2.28.jar;C:\Users\tejaswini\.m2\repository\net\sourceforge\htmlunit\neko-htmlunit\2.28\neko-htmlunit-2.28.jar;C:\Users\tejaswini\.m2\repository\org\apache\httpcomponents\httpclient\4.5.3\httpclient-4.5.3.jar;C:\Users\tejaswini\.m2\repository\org\apache\httpcomponents\httpcore\4.4.6\httpcore-4.4.6.jar;C:\Users\tejaswini\.m2\repository\org\apache\httpcomponents\httpmime\4.5.3\httpmime-4.5.3.jar;C:\Users\tejaswini\.m2\repository\net\jcip\jcip-annotations\1.0\jcip-annotations-1.0.jar;C:\Users\tejaswini\.m2\repository\org\seleniumhq\selenium\jetty-repacked\9.4.7.v20171121\jetty-repacked-9.4.7.v20171121.jar;C:\Users\tejaswini\.m2\repository\org\eclipse\jetty\jetty-client\9.4.7.v20170914\jetty-client-9.4.7.v20170914.jar;C:\Users\tejaswini\.m2\repository\org\eclipse\jetty\jetty-http\9.4.8.v20171121\jetty-http-9.4.8.v20171121.jar;C:\Users\tejaswini\.m2\repository\org\eclipse\jetty\jetty-io\9.4.8.v20171121\jetty-io-9.4.8.v20171121.jar;C:\Users\tejaswini\.m2\repository\org\eclipse\jetty\jetty-util\9.4.8.v20171121\jetty-util-9.4.8.v20171121.jar;C:\Users\tejaswini\.m2\repository\org\eclipse\jetty\jetty-xml\9.4.7.v20170914\jetty-xml-9.4.7.v20170914.jar;C:\Users\tejaswini\.m2\repository\com\squareup\okhttp3\okhttp\3.9.1\okhttp-3.9.1.jar;C:\Users\tejaswini\.m2\repository\com\squareup\okio\okio\1.13.0\okio-1.13.0.jar;C:\Users\tejaswini\.m2\repository\org\seleniumhq\selenium\htmlunit-driver\2.29.0\htmlunit-driver-2.29.0.jar;C:\Users\tejaswini\.m2\repository\javax\servlet\javax.servlet-api\3.1.0\javax.servlet-api-3.1.0.jar;C:\Users\tejaswini\.m2\repository\org\eclipse\jetty\websocket\websocket-api\9.4.7.v20170914\websocket-api-9.4.7.v20170914.jar;C:\Users\tejaswini\.m2\repository\org\eclipse\jetty\websocket\websocket-client\9.4.7.v20170914\websocket-client-9.4.7.v20170914.jar;C:\Users\tejaswini\.m2\repository\org\eclipse\jetty\websocket\websocket-common\9.4.7.v20170914\websocket-common-9.4.7.v20170914.jar;C:\Users\tejaswini\.m2\repository\xalan\serializer\2.7.2\serializer-2.7.2.jar;C:\Users\tejaswini\.m2\repository\xalan\xalan\2.7.2\xalan-2.7.2.jar;C:\Users\tejaswini\.m2\repository\xerces\xercesImpl\2.11.0\xercesImpl-2.11.0.jar;C:\Users\tejaswini\.m2\repository\xml-apis\xml-apis\1.4.01\xml-apis-1.4.01.jar;C:\Users\tejaswini\.m2\repository\org\yaml\snakeyaml\1.19\snakeyaml-1.19.jar;C:\Users\tejaswini\.m2\repository\org\seleniumhq\selenium\selenium-java\3.11.0\selenium-java-3.11.0.jar;C:\Users\tejaswini\.m2\repository\org\apache\pdfbox\pdfbox\2.0.9\pdfbox-2.0.9.jar;C:\Users\tejaswini\.m2\repository\org\apache\pdfbox\fontbox\2.0.9\fontbox-2.0.9.jar;C:\Users\tejaswini\.m2\repository\org\json\json\20180130\json-20180130.jar;C:\Users\tejaswini\.m2\repository\com\googlecode\json-simple\json-simple\1.1.1\json-simple-1.1.1.jar;C:\Users\tejaswini\.m2\repository\junit\junit\4.10\junit-4.10.jar;C:\Users\tejaswini\.m2\repository\org\hamcrest\hamcrest-core\1.1\hamcrest-core-1.1.jar;C:\Users\tejaswini\.m2\repository\com\fasterxml\jackson\core\jackson-databind\2.9.5\jackson-databind-2.9.5.jar;C:\Users\tejaswini\.m2\repository\com\fasterxml\jackson\core\jackson-annotations\2.9.0\jackson-annotations-2.9.0.jar;C:\Users\tejaswini\.m2\repository\com\fasterxml\jackson\core\jackson-core\2.9.5\jackson-core-2.9.5.jar;C:\Users\tejaswini\.m2\repository\org\skyscreamer\jsonassert\1.2.3\jsonassert-1.2.3.jar;C:\Users\tejaswini\.m2\repository\org\testng\testng\6.9.4\testng-6.9.4.jar;C:\Users\tejaswini\.m2\repository\org\beanshell\bsh\2.0b4\bsh-2.0b4.jar;C:\Users\tejaswini\.m2\repository\ru\yandex\qatools\allure\allure-testng-adaptor\1.4.16\allure-testng-adaptor-1.4.16.jar;C:\Users\tejaswini\.m2\repository\ru\yandex\qatools\allure\allure-java-aspects\1.4.16\allure-java-aspects-1.4.16.jar;C:\Users\tejaswini\.m2\repository\ru\yandex\qatools\allure\allure-java-adaptor-api\1.4.16\allure-java-adaptor-api-1.4.16.jar;C:\Users\tejaswini\.m2\repository\ru\yandex\qatools\allure\allure-java-annotations\1.4.16\allure-java-annotations-1.4.16.jar;C:\Users\tejaswini\.m2\repository\ru\yandex\qatools\allure\allure-model\1.4.16\allure-model-1.4.16.jar;C:\Users\tejaswini\.m2\repository\org\jvnet\jaxb2_commons\jaxb2-basics-runtime\0.9.3\jaxb2-basics-runtime-0.9.3.jar;C:\Users\tejaswini\.m2\repository\ru\yandex\qatools\properties\properties-loader\1.5\properties-loader-1.5.jar;C:\Users\tejaswini\.m2\repository\commons-beanutils\commons-beanutils-core\1.8.3\commons-beanutils-core-1.8.3.jar;C:\Users\tejaswini\.m2\repository\org\apache\tika\tika-core\1.7\tika-core-1.7.jar;C:\Users\tejaswini\.m2\repository\org\aspectj\aspectjrt\1.8.3\aspectjrt-1.8.3.jar;C:\Users\tejaswini\.m2\repository\org\aspectj\aspectjweaver\1.8.5\aspectjweaver-1.8.5.jar;"/>
    <property name="java.specification.name" value="Java Platform API Specification"/>
    <property name="java.class.version" value="52.0"/>
    <property name="sun.management.compiler" value="HotSpot 64-Bit Tiered Compilers"/>
    <property name="os.version" value="10.0"/>
    <property name="user.home" value="C:\Users\tejaswini"/>
    <property name="user.timezone" value="Asia/Calcutta"/>
    <property name="java.awt.printerjob" value="sun.awt.windows.WPrinterJob"/>
    <property name="java.specification.version" value="1.8"/>
    <property name="file.encoding" value="Cp1252"/>
    <property name="user.name" value="tejaswini"/>
    <property name="java.class.path" value="C:\Users\tejaswini\Desktop\com.scrapPlant.test\target\test-classes;C:\Users\tejaswini\Desktop\com.scrapPlant.test\target\classes;C:\Users\tejaswini\.m2\repository\org\jsoup\jsoup\1.11.3\jsoup-1.11.3.jar;C:\Users\tejaswini\.m2\repository\org\slf4j\slf4j-api\1.7.25\slf4j-api-1.7.25.jar;C:\Users\tejaswini\.m2\repository\org\slf4j\slf4j-jdk14\1.7.25\slf4j-jdk14-1.7.25.jar;C:\Users\tejaswini\.m2\repository\org\apache\poi\poi\3.17\poi-3.17.jar;C:\Users\tejaswini\.m2\repository\commons-codec\commons-codec\1.10\commons-codec-1.10.jar;C:\Users\tejaswini\.m2\repository\org\apache\commons\commons-collections4\4.1\commons-collections4-4.1.jar;C:\Users\tejaswini\.m2\repository\org\apache\poi\poi-ooxml\3.17\poi-ooxml-3.17.jar;C:\Users\tejaswini\.m2\repository\org\apache\poi\poi-ooxml-schemas\3.17\poi-ooxml-schemas-3.17.jar;C:\Users\tejaswini\.m2\repository\org\apache\xmlbeans\xmlbeans\2.6.0\xmlbeans-2.6.0.jar;C:\Users\tejaswini\.m2\repository\stax\stax-api\1.0.1\stax-api-1.0.1.jar;C:\Users\tejaswini\.m2\repository\com\github\virtuald\curvesapi\1.04\curvesapi-1.04.jar;C:\Users\tejaswini\.m2\repository\org\seleniumhq\selenium\selenium-server\3.11.0\selenium-server-3.11.0.jar;C:\Users\tejaswini\.m2\repository\org\seleniumhq\selenium\selenium-api\3.11.0\selenium-api-3.11.0.jar;C:\Users\tejaswini\.m2\repository\org\seleniumhq\selenium\selenium-chrome-driver\3.11.0\selenium-chrome-driver-3.11.0.jar;C:\Users\tejaswini\.m2\repository\org\seleniumhq\selenium\selenium-edge-driver\3.11.0\selenium-edge-driver-3.11.0.jar;C:\Users\tejaswini\.m2\repository\org\seleniumhq\selenium\selenium-firefox-driver\3.11.0\selenium-firefox-driver-3.11.0.jar;C:\Users\tejaswini\.m2\repository\org\seleniumhq\selenium\selenium-ie-driver\3.11.0\selenium-ie-driver-3.11.0.jar;C:\Users\tejaswini\.m2\repository\org\seleniumhq\selenium\selenium-opera-driver\3.11.0\selenium-opera-driver-3.11.0.jar;C:\Users\tejaswini\.m2\repository\org\seleniumhq\selenium\selenium-remote-driver\3.11.0\selenium-remote-driver-3.11.0.jar;C:\Users\tejaswini\.m2\repository\org\seleniumhq\selenium\selenium-safari-driver\3.11.0\selenium-safari-driver-3.11.0.jar;C:\Users\tejaswini\.m2\repository\org\seleniumhq\selenium\selenium-support\3.11.0\selenium-support-3.11.0.jar;C:\Users\tejaswini\.m2\repository\com\beust\jcommander\1.72\jcommander-1.72.jar;C:\Users\tejaswini\.m2\repository\net\bytebuddy\byte-buddy\1.7.9\byte-buddy-1.7.9.jar;C:\Users\tejaswini\.m2\repository\org\apache\commons\commons-exec\1.3\commons-exec-1.3.jar;C:\Users\tejaswini\.m2\repository\org\apache\commons\commons-lang3\3.7\commons-lang3-3.7.jar;C:\Users\tejaswini\.m2\repository\org\apache\commons\commons-text\1.1\commons-text-1.1.jar;C:\Users\tejaswini\.m2\repository\commons-io\commons-io\2.6\commons-io-2.6.jar;C:\Users\tejaswini\.m2\repository\commons-logging\commons-logging\1.2\commons-logging-1.2.jar;C:\Users\tejaswini\.m2\repository\commons-net\commons-net\3.6\commons-net-3.6.jar;C:\Users\tejaswini\.m2\repository\org\w3c\css\sac\1.3\sac-1.3.jar;C:\Users\tejaswini\.m2\repository\net\sourceforge\cssparser\cssparser\0.9.24\cssparser-0.9.24.jar;C:\Users\tejaswini\.m2\repository\com\google\code\gson\gson\2.8.2\gson-2.8.2.jar;C:\Users\tejaswini\.m2\repository\com\google\guava\guava\23.6-jre\guava-23.6-jre.jar;C:\Users\tejaswini\.m2\repository\com\google\code\findbugs\jsr305\1.3.9\jsr305-1.3.9.jar;C:\Users\tejaswini\.m2\repository\org\checkerframework\checker-compat-qual\2.0.0\checker-compat-qual-2.0.0.jar;C:\Users\tejaswini\.m2\repository\com\google\errorprone\error_prone_annotations\2.1.3\error_prone_annotations-2.1.3.jar;C:\Users\tejaswini\.m2\repository\com\google\j2objc\j2objc-annotations\1.1\j2objc-annotations-1.1.jar;C:\Users\tejaswini\.m2\repository\org\codehaus\mojo\animal-sniffer-annotations\1.14\animal-sniffer-annotations-1.14.jar;C:\Users\tejaswini\.m2\repository\net\sourceforge\htmlunit\htmlunit\2.29\htmlunit-2.29.jar;C:\Users\tejaswini\.m2\repository\net\sourceforge\htmlunit\htmlunit-core-js\2.28\htmlunit-core-js-2.28.jar;C:\Users\tejaswini\.m2\repository\net\sourceforge\htmlunit\neko-htmlunit\2.28\neko-htmlunit-2.28.jar;C:\Users\tejaswini\.m2\repository\org\apache\httpcomponents\httpclient\4.5.3\httpclient-4.5.3.jar;C:\Users\tejaswini\.m2\repository\org\apache\httpcomponents\httpcore\4.4.6\httpcore-4.4.6.jar;C:\Users\tejaswini\.m2\repository\org\apache\httpcomponents\httpmime\4.5.3\httpmime-4.5.3.jar;C:\Users\tejaswini\.m2\repository\net\jcip\jcip-annotations\1.0\jcip-annotations-1.0.jar;C:\Users\tejaswini\.m2\repository\org\seleniumhq\selenium\jetty-repacked\9.4.7.v20171121\jetty-repacked-9.4.7.v20171121.jar;C:\Users\tejaswini\.m2\repository\org\eclipse\jetty\jetty-client\9.4.7.v20170914\jetty-client-9.4.7.v20170914.jar;C:\Users\tejaswini\.m2\repository\org\eclipse\jetty\jetty-http\9.4.8.v20171121\jetty-http-9.4.8.v20171121.jar;C:\Users\tejaswini\.m2\repository\org\eclipse\jetty\jetty-io\9.4.8.v20171121\jetty-io-9.4.8.v20171121.jar;C:\Users\tejaswini\.m2\repository\org\eclipse\jetty\jetty-util\9.4.8.v20171121\jetty-util-9.4.8.v20171121.jar;C:\Users\tejaswini\.m2\repository\org\eclipse\jetty\jetty-xml\9.4.7.v20170914\jetty-xml-9.4.7.v20170914.jar;C:\Users\tejaswini\.m2\repository\com\squareup\okhttp3\okhttp\3.9.1\okhttp-3.9.1.jar;C:\Users\tejaswini\.m2\repository\com\squareup\okio\okio\1.13.0\okio-1.13.0.jar;C:\Users\tejaswini\.m2\repository\org\seleniumhq\selenium\htmlunit-driver\2.29.0\htmlunit-driver-2.29.0.jar;C:\Users\tejaswini\.m2\repository\javax\servlet\javax.servlet-api\3.1.0\javax.servlet-api-3.1.0.jar;C:\Users\tejaswini\.m2\repository\org\eclipse\jetty\websocket\websocket-api\9.4.7.v20170914\websocket-api-9.4.7.v20170914.jar;C:\Users\tejaswini\.m2\repository\org\eclipse\jetty\websocket\websocket-client\9.4.7.v20170914\websocket-client-9.4.7.v20170914.jar;C:\Users\tejaswini\.m2\repository\org\eclipse\jetty\websocket\websocket-common\9.4.7.v20170914\websocket-common-9.4.7.v20170914.jar;C:\Users\tejaswini\.m2\repository\xalan\serializer\2.7.2\serializer-2.7.2.jar;C:\Users\tejaswini\.m2\repository\xalan\xalan\2.7.2\xalan-2.7.2.jar;C:\Users\tejaswini\.m2\repository\xerces\xercesImpl\2.11.0\xercesImpl-2.11.0.jar;C:\Users\tejaswini\.m2\repository\xml-apis\xml-apis\1.4.01\xml-apis-1.4.01.jar;C:\Users\tejaswini\.m2\repository\org\yaml\snakeyaml\1.19\snakeyaml-1.19.jar;C:\Users\tejaswini\.m2\repository\org\seleniumhq\selenium\selenium-java\3.11.0\selenium-java-3.11.0.jar;C:\Users\tejaswini\.m2\repository\org\apache\pdfbox\pdfbox\2.0.9\pdfbox-2.0.9.jar;C:\Users\tejaswini\.m2\repository\org\apache\pdfbox\fontbox\2.0.9\fontbox-2.0.9.jar;C:\Users\tejaswini\.m2\repository\org\json\json\20180130\json-20180130.jar;C:\Users\tejaswini\.m2\repository\com\googlecode\json-simple\json-simple\1.1.1\json-simple-1.1.1.jar;C:\Users\tejaswini\.m2\repository\junit\junit\4.10\junit-4.10.jar;C:\Users\tejaswini\.m2\repository\org\hamcrest\hamcrest-core\1.1\hamcrest-core-1.1.jar;C:\Users\tejaswini\.m2\repository\com\fasterxml\jackson\core\jackson-databind\2.9.5\jackson-databind-2.9.5.jar;C:\Users\tejaswini\.m2\repository\com\fasterxml\jackson\core\jackson-annotations\2.9.0\jackson-annotations-2.9.0.jar;C:\Users\tejaswini\.m2\repository\com\fasterxml\jackson\core\jackson-core\2.9.5\jackson-core-2.9.5.jar;C:\Users\tejaswini\.m2\repository\org\skyscreamer\jsonassert\1.2.3\jsonassert-1.2.3.jar;C:\Users\tejaswini\.m2\repository\org\testng\testng\6.9.4\testng-6.9.4.jar;C:\Users\tejaswini\.m2\repository\org\beanshell\bsh\2.0b4\bsh-2.0b4.jar;C:\Users\tejaswini\.m2\repository\ru\yandex\qatools\allure\allure-testng-adaptor\1.4.16\allure-testng-adaptor-1.4.16.jar;C:\Users\tejaswini\.m2\repository\ru\yandex\qatools\allure\allure-java-aspects\1.4.16\allure-java-aspects-1.4.16.jar;C:\Users\tejaswini\.m2\repository\ru\yandex\qatools\allure\allure-java-adaptor-api\1.4.16\allure-java-adaptor-api-1.4.16.jar;C:\Users\tejaswini\.m2\repository\ru\yandex\qatools\allure\allure-java-annotations\1.4.16\allure-java-annotations-1.4.16.jar;C:\Users\tejaswini\.m2\repository\ru\yandex\qatools\allure\allure-model\1.4.16\allure-model-1.4.16.jar;C:\Users\tejaswini\.m2\repository\org\jvnet\jaxb2_commons\jaxb2-basics-runtime\0.9.3\jaxb2-basics-runtime-0.9.3.jar;C:\Users\tejaswini\.m2\repository\ru\yandex\qatools\properties\properties-loader\1.5\properties-loader-1.5.jar;C:\Users\tejaswini\.m2\repository\commons-beanutils\commons-beanutils-core\1.8.3\commons-beanutils-core-1.8.3.jar;C:\Users\tejaswini\.m2\repository\org\apache\tika\tika-core\1.7\tika-core-1.7.jar;C:\Users\tejaswini\.m2\repository\org\aspectj\aspectjrt\1.8.3\aspectjrt-1.8.3.jar;C:\Users\tejaswini\.m2\repository\org\aspectj\aspectjweaver\1.8.5\aspectjweaver-1.8.5.jar;"/>
    <property name="java.vm.specification.version" value="1.8"/>
    <property name="sun.arch.data.model" value="64"/>
    <property name="java.home" value="C:\Program Files\Java\jdk1.8.0_211\jre"/>
    <property name="sun.java.command" value="C:\Users\TEJASW~1\AppData\Local\Temp\surefirebooter983461913171739675.jar C:\Users\TEJASW~1\AppData\Local\Temp\surefire2280113169003016318tmp C:\Users\TEJASW~1\AppData\Local\Temp\surefire3679299394824140273tmp"/>
    <property name="java.specification.vendor" value="Oracle Corporation"/>
    <property name="user.language" value="en"/>
    <property name="awt.toolkit" value="sun.awt.windows.WToolkit"/>
    <property name="java.vm.info" value="mixed mode"/>
    <property name="java.version" value="1.8.0_211"/>
    <property name="java.ext.dirs" value="C:\Program Files\Java\jdk1.8.0_211\jre\lib\ext;C:\Windows\Sun\Java\lib\ext"/>
    <property name="sun.boot.class.path" value="C:\Program Files\Java\jdk1.8.0_211\jre\lib\resources.jar;C:\Program Files\Java\jdk1.8.0_211\jre\lib\rt.jar;C:\Program Files\Java\jdk1.8.0_211\jre\lib\sunrsasign.jar;C:\Program Files\Java\jdk1.8.0_211\jre\lib\jsse.jar;C:\Program Files\Java\jdk1.8.0_211\jre\lib\jce.jar;C:\Program Files\Java\jdk1.8.0_211\jre\lib\charsets.jar;C:\Program Files\Java\jdk1.8.0_211\jre\lib\jfr.jar;C:\Program Files\Java\jdk1.8.0_211\jre\classes"/>
    <property name="webdriver.chrome.driver" value="C:\Users\tejaswini\Desktop\com.scrapPlant.test//lib//chromedriver.exe"/>
    <property name="java.vendor" value="Oracle Corporation"/>
    <property name="localRepository" value="C:\Users\tejaswini\.m2\repository"/>
    <property name="file.separator" value="\"/>
    <property name="java.vendor.url.bug" value="http://bugreport.sun.com/bugreport/"/>
    <property name="sun.cpu.endian" value="little"/>
    <property name="sun.io.unicode.encoding" value="UnicodeLittle"/>
    <property name="sun.desktop" value="windows"/>
    <property name="sun.cpu.isalist" value="amd64"/>
  </properties>
  <testcase classname="com.scrapPlant.functions.execution" name="Execution" time="1,100.734">
    <failure message="no such element: Unable to locate element: {&quot;method&quot;:&quot;xpath&quot;,&quot;selector&quot;:&quot;//*[@class=&apos;btn btn-default dropdown-toggle&apos;]&quot;}
  (Session info: chrome=74.0.3729.157)
  (Driver info: chromedriver=2.41.578737 (49da6702b16031c40d63e5618de03a32ff6c197e),platform=Windows NT 10.0.17763 x86_64) (WARNING: The server did not provide any stacktrace information)
Command duration or timeout: 0 milliseconds
For documentation on this error, please visit: http://seleniumhq.org/exceptions/no_such_element.html
Build info: version: &apos;3.11.0&apos;, revision: &apos;e59cfb3&apos;, time: &apos;2018-03-11T20:26:55.152Z&apos;
System info: host: &apos;MONO-HYD-LAP-78&apos;, ip: &apos;192.168.168.173&apos;, os.name: &apos;Windows 10&apos;, os.arch: &apos;amd64&apos;, os.version: &apos;10.0&apos;, java.version: &apos;1.8.0_211&apos;
Driver info: org.openqa.selenium.chrome.ChromeDriver
Capabilities {acceptInsecureCerts: false, acceptSslCerts: false, applicationCacheEnabled: false, browserConnectionEnabled: false, browserName: chrome, chrome: {chromedriverVersion: 2.41.578737 (49da6702b16031..., userDataDir: C:\Users\TEJASW~1\AppData\L...}, cssSelectorsEnabled: true, databaseEnabled: false, goog:chromeOptions: {debuggerAddress: localhost:54406}, handlesAlerts: true, hasTouchScreen: false, javascriptEnabled: true, locationContextEnabled: true, mobileEmulationEnabled: false, nativeEvents: true, networkConnectionEnabled: false, pageLoadStrategy: normal, platform: XP, platformName: XP, rotatable: false, setWindowRect: true, takesHeapSnapshot: true, takesScreenshot: true, unexpectedAlertBehaviour: , unhandledPromptBehavior: , version: 74.0.3729.157, webStorageEnabled: true}
Session ID: 41a8169d20b5cfcbcda4c1d96c0bfb5b
*** Element info: {Using=xpath, value=//*[@class=&apos;btn btn-default dropdown-toggle&apos;]}" type="org.openqa.selenium.NoSuchElementException">org.openqa.selenium.NoSuchElementException: no such element: Unable to locate element: {&quot;method&quot;:&quot;xpath&quot;,&quot;selector&quot;:&quot;//*[@class=&apos;btn btn-default dropdown-toggle&apos;]&quot;}
  (Session info: chrome=74.0.3729.157)
  (Driver info: chromedriver=2.41.578737 (49da6702b16031c40d63e5618de03a32ff6c197e),platform=Windows NT 10.0.17763 x86_64) (WARNING: The server did not provide any stacktrace information)
Command duration or timeout: 0 milliseconds
For documentation on this error, please visit: http://seleniumhq.org/exceptions/no_such_element.html
Build info: version: &apos;3.11.0&apos;, revision: &apos;e59cfb3&apos;, time: &apos;2018-03-11T20:26:55.152Z&apos;
System info: host: &apos;MONO-HYD-LAP-78&apos;, ip: &apos;192.168.168.173&apos;, os.name: &apos;Windows 10&apos;, os.arch: &apos;amd64&apos;, os.version: &apos;10.0&apos;, java.version: &apos;1.8.0_211&apos;
Driver info: org.openqa.selenium.chrome.ChromeDriver
Capabilities {acceptInsecureCerts: false, acceptSslCerts: false, applicationCacheEnabled: false, browserConnectionEnabled: false, browserName: chrome, chrome: {chromedriverVersion: 2.41.578737 (49da6702b16031..., userDataDir: C:\Users\TEJASW~1\AppData\L...}, cssSelectorsEnabled: true, databaseEnabled: false, goog:chromeOptions: {debuggerAddress: localhost:54406}, handlesAlerts: true, hasTouchScreen: false, javascriptEnabled: true, locationContextEnabled: true, mobileEmulationEnabled: false, nativeEvents: true, networkConnectionEnabled: false, pageLoadStrategy: normal, platform: XP, platformName: XP, rotatable: false, setWindowRect: true, takesHeapSnapshot: true, takesScreenshot: true, unexpectedAlertBehaviour: , unhandledPromptBehavior: , version: 74.0.3729.157, webStorageEnabled: true}
Session ID: 41a8169d20b5cfcbcda4c1d96c0bfb5b
*** Element info: {Using=xpath, value=//*[@class=&apos;btn btn-default dropdown-toggle&apos;]}
	at sun.reflect.NativeConstructorAccessorImpl.newInstance0(Native Method)
	at sun.reflect.NativeConstructorAccessorImpl.newInstance(NativeConstructorAccessorImpl.java:62)
	at sun.reflect.DelegatingConstructorAccessorImpl.newInstance(DelegatingConstructorAccessorImpl.java:45)
	at java.lang.reflect.Constructor.newInstance(Constructor.java:423)
	at org.openqa.selenium.remote.ErrorHandler.createThrowable(ErrorHandler.java:214)
	at org.openqa.selenium.remote.ErrorHandler.throwIfResponseFailed(ErrorHandler.java:166)
	at org.openqa.selenium.remote.http.JsonHttpResponseCodec.reconstructValue(JsonHttpResponseCodec.java:40)
	at org.openqa.selenium.remote.http.AbstractHttpResponseCodec.decode(AbstractHttpResponseCodec.java:80)
	at org.openqa.selenium.remote.http.AbstractHttpResponseCodec.decode(AbstractHttpResponseCodec.java:44)
	at org.openqa.selenium.remote.HttpCommandExecutor.execute(HttpCommandExecutor.java:158)
	at org.openqa.selenium.remote.service.DriverCommandExecutor.execute(DriverCommandExecutor.java:83)
	at org.openqa.selenium.remote.RemoteWebDriver.execute(RemoteWebDriver.java:545)
	at org.openqa.selenium.remote.RemoteWebDriver.findElement(RemoteWebDriver.java:319)
	at org.openqa.selenium.remote.RemoteWebDriver.findElementByXPath(RemoteWebDriver.java:421)
	at org.openqa.selenium.By$ByXPath.findElement(By.java:361)
	at org.openqa.selenium.remote.RemoteWebDriver.findElement(RemoteWebDriver.java:311)
	at com.scrapPlant.utilities.ReusableFunctions.launchBrowser(ReusableFunctions.java:128)
	at com.scrapPlant.functions.execution.Execution(execution.java:16)
</failure>
    <system-out>Execution started -------
Execution date : 21-05-2019_15_05
Here launching the browser
Rowcount is : 21
PlantCode is :HINUP-01-06_21-05-2019_15_05
Transactions start here
Col count5
https://husk-khirkyian.sparkmeter.cloud/transaction/transactions
No Alert Present 
File list is :1
SparkMeter ThunderCloud.csv
new file name is : HINUP-01-06_21-05-2019_15_05.csvFile list is :1
File name already changed : C:\HuskPower\TemporaryFolder_Trans\Downloads\Transactions\HINUP-01-06_21-05-2019_15_05.csv
SparkMeter start here
Col count5
User Navigated to Home screen and try to click on Last Readings option
No Alert Present 
File list is :1
File name already changed : C:\HuskPower\TemporaryFolder_Trans\Downloads\Transactions\HINUP-01-06_21-05-2019_15_05.csv
PlantCode is :HINBR-01-04_21-05-2019_15_05
Transactions start here
Col count5
https://hps-kotwa.sparkmeter.cloud/transaction/transactions
No Alert Present 
File list is :2
File name already changed : C:\HuskPower\TemporaryFolder_Trans\Downloads\Transactions\HINUP-01-06_21-05-2019_15_05.csv
File list is :2
SparkMeter ThunderCloud.csv
new file name is : HINBR-01-04_21-05-2019_15_05.csvFile list is :2
File name already changed : C:\HuskPower\TemporaryFolder_Trans\Downloads\Transactions\HINBR-01-04_21-05-2019_15_05.csv
File list is :2
File name already changed : C:\HuskPower\TemporaryFolder_Trans\Downloads\Transactions\HINUP-01-06_21-05-2019_15_05.csv
SparkMeter start here
Col count5
User Navigated to Home screen and try to click on Last Readings option
No Alert Present 
File list is :2
File name already changed : C:\HuskPower\TemporaryFolder_Trans\Downloads\Transactions\HINBR-01-04_21-05-2019_15_05.csv
File list is :2
File name already changed : C:\HuskPower\TemporaryFolder_Trans\Downloads\Transactions\HINUP-01-06_21-05-2019_15_05.csv
PlantCode is :HINUP-01-10_21-05-2019_15_05
Transactions start here
Col count5
https://husktz-dudahi.sparkmeter.cloud/transaction/transactions
No Alert Present 
File list is :3
File name already changed : C:\HuskPower\TemporaryFolder_Trans\Downloads\Transactions\HINBR-01-04_21-05-2019_15_05.csv
File list is :3
File name already changed : C:\HuskPower\TemporaryFolder_Trans\Downloads\Transactions\HINUP-01-06_21-05-2019_15_05.csv
File list is :3
SparkMeter ThunderCloud.csv
new file name is : HINUP-01-10_21-05-2019_15_05.csvFile list is :3
File name already changed : C:\HuskPower\TemporaryFolder_Trans\Downloads\Transactions\HINBR-01-04_21-05-2019_15_05.csv
File list is :3
File name already changed : C:\HuskPower\TemporaryFolder_Trans\Downloads\Transactions\HINUP-01-06_21-05-2019_15_05.csv
File list is :3
File name already changed : C:\HuskPower\TemporaryFolder_Trans\Downloads\Transactions\HINUP-01-10_21-05-2019_15_05.csv
SparkMeter start here
Col count5
User Navigated to Home screen and try to click on Last Readings option
No Alert Present 
File list is :3
File name already changed : C:\HuskPower\TemporaryFolder_Trans\Downloads\Transactions\HINBR-01-04_21-05-2019_15_05.csv
File list is :3
File name already changed : C:\HuskPower\TemporaryFolder_Trans\Downloads\Transactions\HINUP-01-06_21-05-2019_15_05.csv
File list is :3
File name already changed : C:\HuskPower\TemporaryFolder_Trans\Downloads\Transactions\HINUP-01-10_21-05-2019_15_05.csv
PlantCode is :HINUP-01-11_21-05-2019_15_05
Transactions start here
Col count5
https://husktz-fazil-nagar.sparkmeter.cloud/transaction/transactions
No Alert Present 
File list is :4
File name already changed : C:\HuskPower\TemporaryFolder_Trans\Downloads\Transactions\HINBR-01-04_21-05-2019_15_05.csv
File list is :4
File name already changed : C:\HuskPower\TemporaryFolder_Trans\Downloads\Transactions\HINUP-01-06_21-05-2019_15_05.csv
File list is :4
File name already changed : C:\HuskPower\TemporaryFolder_Trans\Downloads\Transactions\HINUP-01-10_21-05-2019_15_05.csv
File list is :4
SparkMeter ThunderCloud.csv
new file name is : HINUP-01-11_21-05-2019_15_05.csvFile list is :4
File name already changed : C:\HuskPower\TemporaryFolder_Trans\Downloads\Transactions\HINBR-01-04_21-05-2019_15_05.csv
File list is :4
File name already changed : C:\HuskPower\TemporaryFolder_Trans\Downloads\Transactions\HINUP-01-06_21-05-2019_15_05.csv
File list is :4
File name already changed : C:\HuskPower\TemporaryFolder_Trans\Downloads\Transactions\HINUP-01-10_21-05-2019_15_05.csv
File list is :4
File name already changed : C:\HuskPower\TemporaryFolder_Trans\Downloads\Transactions\HINUP-01-11_21-05-2019_15_05.csv
SparkMeter start here
Col count5
User Navigated to Home screen and try to click on Last Readings option
No Alert Present 
File list is :4
File name already changed : C:\HuskPower\TemporaryFolder_Trans\Downloads\Transactions\HINBR-01-04_21-05-2019_15_05.csv
File list is :4
File name already changed : C:\HuskPower\TemporaryFolder_Trans\Downloads\Transactions\HINUP-01-06_21-05-2019_15_05.csv
File list is :4
File name already changed : C:\HuskPower\TemporaryFolder_Trans\Downloads\Transactions\HINUP-01-10_21-05-2019_15_05.csv
File list is :4
File name already changed : C:\HuskPower\TemporaryFolder_Trans\Downloads\Transactions\HINUP-01-11_21-05-2019_15_05.csv
PlantCode is :HINBR-02-01_21-05-2019_15_05
Transactions start here
Col count5
https://hps-jalalpur.sparkmeter.cloud/transaction/transactions
No Alert Present 
File list is :5
File name already changed : C:\HuskPower\TemporaryFolder_Trans\Downloads\Transactions\HINBR-01-04_21-05-2019_15_05.csv
File list is :5
File name already changed : C:\HuskPower\TemporaryFolder_Trans\Downloads\Transactions\HINUP-01-06_21-05-2019_15_05.csv
File list is :5
File name already changed : C:\HuskPower\TemporaryFolder_Trans\Downloads\Transactions\HINUP-01-10_21-05-2019_15_05.csv
File list is :5
File name already changed : C:\HuskPower\TemporaryFolder_Trans\Downloads\Transactions\HINUP-01-11_21-05-2019_15_05.csv
File list is :5
SparkMeter ThunderCloud.csv
new file name is : HINBR-02-01_21-05-2019_15_05.csvFile list is :5
File name already changed : C:\HuskPower\TemporaryFolder_Trans\Downloads\Transactions\HINBR-01-04_21-05-2019_15_05.csv
File list is :5
File name already changed : C:\HuskPower\TemporaryFolder_Trans\Downloads\Transactions\HINBR-02-01_21-05-2019_15_05.csv
File list is :5
File name already changed : C:\HuskPower\TemporaryFolder_Trans\Downloads\Transactions\HINUP-01-06_21-05-2019_15_05.csv
File list is :5
File name already changed : C:\HuskPower\TemporaryFolder_Trans\Downloads\Transactions\HINUP-01-10_21-05-2019_15_05.csv
File list is :5
File name already changed : C:\HuskPower\TemporaryFolder_Trans\Downloads\Transactions\HINUP-01-11_21-05-2019_15_05.csv
SparkMeter start here
Col count5
User Navigated to Home screen and try to click on Last Readings option
No Alert Present 
File list is :5
File name already changed : C:\HuskPower\TemporaryFolder_Trans\Downloads\Transactions\HINBR-01-04_21-05-2019_15_05.csv
File list is :5
File name already changed : C:\HuskPower\TemporaryFolder_Trans\Downloads\Transactions\HINBR-02-01_21-05-2019_15_05.csv
File list is :5
File name already changed : C:\HuskPower\TemporaryFolder_Trans\Downloads\Transactions\HINUP-01-06_21-05-2019_15_05.csv
File list is :5
File name already changed : C:\HuskPower\TemporaryFolder_Trans\Downloads\Transactions\HINUP-01-10_21-05-2019_15_05.csv
File list is :5
File name already changed : C:\HuskPower\TemporaryFolder_Trans\Downloads\Transactions\HINUP-01-11_21-05-2019_15_05.csv
PlantCode is :HINBR-02-04_21-05-2019_15_05
Transactions start here
Col count5
https://hps-baniyapur.sparkmeter.cloud/transaction/transactions
No Alert Present 
File list is :6
File name already changed : C:\HuskPower\TemporaryFolder_Trans\Downloads\Transactions\HINBR-01-04_21-05-2019_15_05.csv
File list is :6
File name already changed : C:\HuskPower\TemporaryFolder_Trans\Downloads\Transactions\HINBR-02-01_21-05-2019_15_05.csv
File list is :6
File name already changed : C:\HuskPower\TemporaryFolder_Trans\Downloads\Transactions\HINUP-01-06_21-05-2019_15_05.csv
File list is :6
File name already changed : C:\HuskPower\TemporaryFolder_Trans\Downloads\Transactions\HINUP-01-10_21-05-2019_15_05.csv
File list is :6
File name already changed : C:\HuskPower\TemporaryFolder_Trans\Downloads\Transactions\HINUP-01-11_21-05-2019_15_05.csv
File list is :6
SparkMeter ThunderCloud.csv
new file name is : HINBR-02-04_21-05-2019_15_05.csvFile list is :6
File name already changed : C:\HuskPower\TemporaryFolder_Trans\Downloads\Transactions\HINBR-01-04_21-05-2019_15_05.csv
File list is :6
File name already changed : C:\HuskPower\TemporaryFolder_Trans\Downloads\Transactions\HINBR-02-01_21-05-2019_15_05.csv
File list is :6
File name already changed : C:\HuskPower\TemporaryFolder_Trans\Downloads\Transactions\HINBR-02-04_21-05-2019_15_05.csv
File list is :6
File name already changed : C:\HuskPower\TemporaryFolder_Trans\Downloads\Transactions\HINUP-01-06_21-05-2019_15_05.csv
File list is :6
File name already changed : C:\HuskPower\TemporaryFolder_Trans\Downloads\Transactions\HINUP-01-10_21-05-2019_15_05.csv
File list is :6
File name already changed : C:\HuskPower\TemporaryFolder_Trans\Downloads\Transactions\HINUP-01-11_21-05-2019_15_05.csv
SparkMeter start here
Col count5
User Navigated to Home screen and try to click on Last Readings option
No Alert Present 
File list is :6
File name already changed : C:\HuskPower\TemporaryFolder_Trans\Downloads\Transactions\HINBR-01-04_21-05-2019_15_05.csv
File list is :6
File name already changed : C:\HuskPower\TemporaryFolder_Trans\Downloads\Transactions\HINBR-02-01_21-05-2019_15_05.csv
File list is :6
File name already changed : C:\HuskPower\TemporaryFolder_Trans\Downloads\Transactions\HINBR-02-04_21-05-2019_15_05.csv
File list is :6
File name already changed : C:\HuskPower\TemporaryFolder_Trans\Downloads\Transactions\HINUP-01-06_21-05-2019_15_05.csv
File list is :6
File name already changed : C:\HuskPower\TemporaryFolder_Trans\Downloads\Transactions\HINUP-01-10_21-05-2019_15_05.csv
File list is :6
File name already changed : C:\HuskPower\TemporaryFolder_Trans\Downloads\Transactions\HINUP-01-11_21-05-2019_15_05.csv
PlantCode is :HINBR-02-02_21-05-2019_15_05
Transactions start here
Col count5
https://husktz-pucheri.sparkmeter.cloud/transaction/transactions
No Alert Present 
File list is :7
File name already changed : C:\HuskPower\TemporaryFolder_Trans\Downloads\Transactions\HINBR-01-04_21-05-2019_15_05.csv
File list is :7
File name already changed : C:\HuskPower\TemporaryFolder_Trans\Downloads\Transactions\HINBR-02-01_21-05-2019_15_05.csv
File list is :7
File name already changed : C:\HuskPower\TemporaryFolder_Trans\Downloads\Transactions\HINBR-02-04_21-05-2019_15_05.csv
File list is :7
File name already changed : C:\HuskPower\TemporaryFolder_Trans\Downloads\Transactions\HINUP-01-06_21-05-2019_15_05.csv
File list is :7
File name already changed : C:\HuskPower\TemporaryFolder_Trans\Downloads\Transactions\HINUP-01-10_21-05-2019_15_05.csv
File list is :7
File name already changed : C:\HuskPower\TemporaryFolder_Trans\Downloads\Transactions\HINUP-01-11_21-05-2019_15_05.csv
File list is :7
SparkMeter ThunderCloud.csv
new file name is : HINBR-02-02_21-05-2019_15_05.csvFile list is :7
File name already changed : C:\HuskPower\TemporaryFolder_Trans\Downloads\Transactions\HINBR-01-04_21-05-2019_15_05.csv
File list is :7
File name already changed : C:\HuskPower\TemporaryFolder_Trans\Downloads\Transactions\HINBR-02-01_21-05-2019_15_05.csv
File list is :7
File name already changed : C:\HuskPower\TemporaryFolder_Trans\Downloads\Transactions\HINBR-02-02_21-05-2019_15_05.csv
File list is :7
File name already changed : C:\HuskPower\TemporaryFolder_Trans\Downloads\Transactions\HINBR-02-04_21-05-2019_15_05.csv
File list is :7
File name already changed : C:\HuskPower\TemporaryFolder_Trans\Downloads\Transactions\HINUP-01-06_21-05-2019_15_05.csv
File list is :7
File name already changed : C:\HuskPower\TemporaryFolder_Trans\Downloads\Transactions\HINUP-01-10_21-05-2019_15_05.csv
File list is :7
File name already changed : C:\HuskPower\TemporaryFolder_Trans\Downloads\Transactions\HINUP-01-11_21-05-2019_15_05.csv
SparkMeter start here
Col count5
User Navigated to Home screen and try to click on Last Readings option
No Alert Present 
File list is :7
File name already changed : C:\HuskPower\TemporaryFolder_Trans\Downloads\Transactions\HINBR-01-04_21-05-2019_15_05.csv
File list is :7
File name already changed : C:\HuskPower\TemporaryFolder_Trans\Downloads\Transactions\HINBR-02-01_21-05-2019_15_05.csv
File list is :7
File name already changed : C:\HuskPower\TemporaryFolder_Trans\Downloads\Transactions\HINBR-02-02_21-05-2019_15_05.csv
File list is :7
File name already changed : C:\HuskPower\TemporaryFolder_Trans\Downloads\Transactions\HINBR-02-04_21-05-2019_15_05.csv
File list is :7
File name already changed : C:\HuskPower\TemporaryFolder_Trans\Downloads\Transactions\HINUP-01-06_21-05-2019_15_05.csv
File list is :7
File name already changed : C:\HuskPower\TemporaryFolder_Trans\Downloads\Transactions\HINUP-01-10_21-05-2019_15_05.csv
File list is :7
File name already changed : C:\HuskPower\TemporaryFolder_Trans\Downloads\Transactions\HINUP-01-11_21-05-2019_15_05.csv
PlantCode is :HINUP-01-08_21-05-2019_15_05
Transactions start here
Col count5
https://hps-turkpatti.sparkmeter.cloud/transaction/transactions
No Alert Present 
File list is :8
File name already changed : C:\HuskPower\TemporaryFolder_Trans\Downloads\Transactions\HINBR-01-04_21-05-2019_15_05.csv
File list is :8
File name already changed : C:\HuskPower\TemporaryFolder_Trans\Downloads\Transactions\HINBR-02-01_21-05-2019_15_05.csv
File list is :8
File name already changed : C:\HuskPower\TemporaryFolder_Trans\Downloads\Transactions\HINBR-02-02_21-05-2019_15_05.csv
File list is :8
File name already changed : C:\HuskPower\TemporaryFolder_Trans\Downloads\Transactions\HINBR-02-04_21-05-2019_15_05.csv
File list is :8
File name already changed : C:\HuskPower\TemporaryFolder_Trans\Downloads\Transactions\HINUP-01-06_21-05-2019_15_05.csv
File list is :8
File name already changed : C:\HuskPower\TemporaryFolder_Trans\Downloads\Transactions\HINUP-01-10_21-05-2019_15_05.csv
File list is :8
File name already changed : C:\HuskPower\TemporaryFolder_Trans\Downloads\Transactions\HINUP-01-11_21-05-2019_15_05.csv
File list is :8
SparkMeter ThunderCloud.csv
new file name is : HINUP-01-08_21-05-2019_15_05.csvFile list is :8
File name already changed : C:\HuskPower\TemporaryFolder_Trans\Downloads\Transactions\HINBR-01-04_21-05-2019_15_05.csv
File list is :8
File name already changed : C:\HuskPower\TemporaryFolder_Trans\Downloads\Transactions\HINBR-02-01_21-05-2019_15_05.csv
File list is :8
File name already changed : C:\HuskPower\TemporaryFolder_Trans\Downloads\Transactions\HINBR-02-02_21-05-2019_15_05.csv
File list is :8
File name already changed : C:\HuskPower\TemporaryFolder_Trans\Downloads\Transactions\HINBR-02-04_21-05-2019_15_05.csv
File list is :8
File name already changed : C:\HuskPower\TemporaryFolder_Trans\Downloads\Transactions\HINUP-01-06_21-05-2019_15_05.csv
File list is :8
File name already changed : C:\HuskPower\TemporaryFolder_Trans\Downloads\Transactions\HINUP-01-08_21-05-2019_15_05.csv
File list is :8
File name already changed : C:\HuskPower\TemporaryFolder_Trans\Downloads\Transactions\HINUP-01-10_21-05-2019_15_05.csv
File list is :8
File name already changed : C:\HuskPower\TemporaryFolder_Trans\Downloads\Transactions\HINUP-01-11_21-05-2019_15_05.csv
SparkMeter start here
Col count5
User Navigated to Home screen and try to click on Last Readings option
No Alert Present 
File list is :8
File name already changed : C:\HuskPower\TemporaryFolder_Trans\Downloads\Transactions\HINBR-01-04_21-05-2019_15_05.csv
File list is :8
File name already changed : C:\HuskPower\TemporaryFolder_Trans\Downloads\Transactions\HINBR-02-01_21-05-2019_15_05.csv
File list is :8
File name already changed : C:\HuskPower\TemporaryFolder_Trans\Downloads\Transactions\HINBR-02-02_21-05-2019_15_05.csv
File list is :8
File name already changed : C:\HuskPower\TemporaryFolder_Trans\Downloads\Transactions\HINBR-02-04_21-05-2019_15_05.csv
File list is :8
File name already changed : C:\HuskPower\TemporaryFolder_Trans\Downloads\Transactions\HINUP-01-06_21-05-2019_15_05.csv
File list is :8
File name already changed : C:\HuskPower\TemporaryFolder_Trans\Downloads\Transactions\HINUP-01-08_21-05-2019_15_05.csv
File list is :8
File name already changed : C:\HuskPower\TemporaryFolder_Trans\Downloads\Transactions\HINUP-01-10_21-05-2019_15_05.csv
File list is :8
File name already changed : C:\HuskPower\TemporaryFolder_Trans\Downloads\Transactions\HINUP-01-11_21-05-2019_15_05.csv
PlantCode is :HINBR-02-03_21-05-2019_15_05
Transactions start here
Col count5
https://hps-parsagargh.sparkmeter.cloud/transaction/transactions
File list is :9
File name already changed : C:\HuskPower\TemporaryFolder_Trans\Downloads\Transactions\HINBR-01-04_21-05-2019_15_05.csv
File list is :9
File name already changed : C:\HuskPower\TemporaryFolder_Trans\Downloads\Transactions\HINBR-02-01_21-05-2019_15_05.csv
File list is :9
File name already changed : C:\HuskPower\TemporaryFolder_Trans\Downloads\Transactions\HINBR-02-02_21-05-2019_15_05.csv
File list is :9
File name already changed : C:\HuskPower\TemporaryFolder_Trans\Downloads\Transactions\HINBR-02-04_21-05-2019_15_05.csv
File list is :9
File name already changed : C:\HuskPower\TemporaryFolder_Trans\Downloads\Transactions\HINUP-01-06_21-05-2019_15_05.csv
File list is :9
File name already changed : C:\HuskPower\TemporaryFolder_Trans\Downloads\Transactions\HINUP-01-08_21-05-2019_15_05.csv
File list is :9
File name already changed : C:\HuskPower\TemporaryFolder_Trans\Downloads\Transactions\HINUP-01-10_21-05-2019_15_05.csv
File list is :9
File name already changed : C:\HuskPower\TemporaryFolder_Trans\Downloads\Transactions\HINUP-01-11_21-05-2019_15_05.csv
File list is :9
SparkMeter ThunderCloud.csv
new file name is : HINBR-02-03_21-05-2019_15_05.csvFile list is :9
File name already changed : C:\HuskPower\TemporaryFolder_Trans\Downloads\Transactions\HINBR-01-04_21-05-2019_15_05.csv
File list is :9
File name already changed : C:\HuskPower\TemporaryFolder_Trans\Downloads\Transactions\HINBR-02-01_21-05-2019_15_05.csv
File list is :9
File name already changed : C:\HuskPower\TemporaryFolder_Trans\Downloads\Transactions\HINBR-02-02_21-05-2019_15_05.csv
File list is :9
File name already changed : C:\HuskPower\TemporaryFolder_Trans\Downloads\Transactions\HINBR-02-03_21-05-2019_15_05.csv
File list is :9
File name already changed : C:\HuskPower\TemporaryFolder_Trans\Downloads\Transactions\HINBR-02-04_21-05-2019_15_05.csv
File list is :9
File name already changed : C:\HuskPower\TemporaryFolder_Trans\Downloads\Transactions\HINUP-01-06_21-05-2019_15_05.csv
File list is :9
File name already changed : C:\HuskPower\TemporaryFolder_Trans\Downloads\Transactions\HINUP-01-08_21-05-2019_15_05.csv
File list is :9
File name already changed : C:\HuskPower\TemporaryFolder_Trans\Downloads\Transactions\HINUP-01-10_21-05-2019_15_05.csv
File list is :9
File name already changed : C:\HuskPower\TemporaryFolder_Trans\Downloads\Transactions\HINUP-01-11_21-05-2019_15_05.csv
SparkMeter start here
Col count5
User Navigated to Home screen and try to click on Last Readings option
No Alert Present 
File list is :9
File name already changed : C:\HuskPower\TemporaryFolder_Trans\Downloads\Transactions\HINBR-01-04_21-05-2019_15_05.csv
File list is :9
File name already changed : C:\HuskPower\TemporaryFolder_Trans\Downloads\Transactions\HINBR-02-01_21-05-2019_15_05.csv
File list is :9
File name already changed : C:\HuskPower\TemporaryFolder_Trans\Downloads\Transactions\HINBR-02-02_21-05-2019_15_05.csv
File list is :9
File name already changed : C:\HuskPower\TemporaryFolder_Trans\Downloads\Transactions\HINBR-02-03_21-05-2019_15_05.csv
File list is :9
File name already changed : C:\HuskPower\TemporaryFolder_Trans\Downloads\Transactions\HINBR-02-04_21-05-2019_15_05.csv
File list is :9
File name already changed : C:\HuskPower\TemporaryFolder_Trans\Downloads\Transactions\HINUP-01-06_21-05-2019_15_05.csv
File list is :9
File name already changed : C:\HuskPower\TemporaryFolder_Trans\Downloads\Transactions\HINUP-01-08_21-05-2019_15_05.csv
File list is :9
File name already changed : C:\HuskPower\TemporaryFolder_Trans\Downloads\Transactions\HINUP-01-10_21-05-2019_15_05.csv
File list is :9
File name already changed : C:\HuskPower\TemporaryFolder_Trans\Downloads\Transactions\HINUP-01-11_21-05-2019_15_05.csv
PlantCode is :HINBR-01-03_21-05-2019_15_05
Transactions start here
Col count5
</system-out>
    <system-err>May 21, 2019 3:05:07 PM org.openqa.selenium.remote.DesiredCapabilities chrome
INFO: Using `new ChromeOptions()` is preferred to `DesiredCapabilities.chrome()`
May 21, 2019 3:05:10 PM org.openqa.selenium.remote.ProtocolHandshake createSession
INFO: Detected dialect: OSS
May 21, 2019 3:06:13 PM org.openqa.selenium.remote.DesiredCapabilities chrome
INFO: Using `new ChromeOptions()` is preferred to `DesiredCapabilities.chrome()`
May 21, 2019 3:06:15 PM org.openqa.selenium.remote.ProtocolHandshake createSession
INFO: Detected dialect: OSS
May 21, 2019 3:07:03 PM org.openqa.selenium.remote.DesiredCapabilities chrome
INFO: Using `new ChromeOptions()` is preferred to `DesiredCapabilities.chrome()`
May 21, 2019 3:07:05 PM org.openqa.selenium.remote.ProtocolHandshake createSession
INFO: Detected dialect: OSS
May 21, 2019 3:08:04 PM org.openqa.selenium.remote.DesiredCapabilities chrome
INFO: Using `new ChromeOptions()` is preferred to `DesiredCapabilities.chrome()`
May 21, 2019 3:08:06 PM org.openqa.selenium.remote.ProtocolHandshake createSession
INFO: Detected dialect: OSS
May 21, 2019 3:08:49 PM org.openqa.selenium.remote.DesiredCapabilities chrome
INFO: Using `new ChromeOptions()` is preferred to `DesiredCapabilities.chrome()`
May 21, 2019 3:08:51 PM org.openqa.selenium.remote.ProtocolHandshake createSession
INFO: Detected dialect: OSS
May 21, 2019 3:09:56 PM org.openqa.selenium.remote.DesiredCapabilities chrome
INFO: Using `new ChromeOptions()` is preferred to `DesiredCapabilities.chrome()`
May 21, 2019 3:09:59 PM org.openqa.selenium.remote.ProtocolHandshake createSession
INFO: Detected dialect: OSS
May 21, 2019 3:10:42 PM org.openqa.selenium.remote.DesiredCapabilities chrome
INFO: Using `new ChromeOptions()` is preferred to `DesiredCapabilities.chrome()`
May 21, 2019 3:10:44 PM org.openqa.selenium.remote.ProtocolHandshake createSession
INFO: Detected dialect: OSS
May 21, 2019 3:11:55 PM org.openqa.selenium.remote.DesiredCapabilities chrome
INFO: Using `new ChromeOptions()` is preferred to `DesiredCapabilities.chrome()`
May 21, 2019 3:11:57 PM org.openqa.selenium.remote.ProtocolHandshake createSession
INFO: Detected dialect: OSS
May 21, 2019 3:12:43 PM org.openqa.selenium.remote.DesiredCapabilities chrome
INFO: Using `new ChromeOptions()` is preferred to `DesiredCapabilities.chrome()`
May 21, 2019 3:12:45 PM org.openqa.selenium.remote.ProtocolHandshake createSession
INFO: Detected dialect: OSS
May 21, 2019 3:13:51 PM org.openqa.selenium.remote.DesiredCapabilities chrome
INFO: Using `new ChromeOptions()` is preferred to `DesiredCapabilities.chrome()`
May 21, 2019 3:13:53 PM org.openqa.selenium.remote.ProtocolHandshake createSession
INFO: Detected dialect: OSS
May 21, 2019 3:14:41 PM org.openqa.selenium.remote.DesiredCapabilities chrome
INFO: Using `new ChromeOptions()` is preferred to `DesiredCapabilities.chrome()`
May 21, 2019 3:14:44 PM org.openqa.selenium.remote.ProtocolHandshake createSession
INFO: Detected dialect: OSS
May 21, 2019 3:15:52 PM org.openqa.selenium.remote.DesiredCapabilities chrome
INFO: Using `new ChromeOptions()` is preferred to `DesiredCapabilities.chrome()`
May 21, 2019 3:15:54 PM org.openqa.selenium.remote.ProtocolHandshake createSession
INFO: Detected dialect: OSS
May 21, 2019 3:16:40 PM org.openqa.selenium.remote.DesiredCapabilities chrome
INFO: Using `new ChromeOptions()` is preferred to `DesiredCapabilities.chrome()`
May 21, 2019 3:16:42 PM org.openqa.selenium.remote.ProtocolHandshake createSession
INFO: Detected dialect: OSS
May 21, 2019 3:17:51 PM org.openqa.selenium.remote.DesiredCapabilities chrome
INFO: Using `new ChromeOptions()` is preferred to `DesiredCapabilities.chrome()`
May 21, 2019 3:17:53 PM org.openqa.selenium.remote.ProtocolHandshake createSession
INFO: Detected dialect: OSS
May 21, 2019 3:18:34 PM org.openqa.selenium.remote.DesiredCapabilities chrome
INFO: Using `new ChromeOptions()` is preferred to `DesiredCapabilities.chrome()`
May 21, 2019 3:18:37 PM org.openqa.selenium.remote.ProtocolHandshake createSession
INFO: Detected dialect: OSS
May 21, 2019 3:20:05 PM org.openqa.selenium.remote.DesiredCapabilities chrome
INFO: Using `new ChromeOptions()` is preferred to `DesiredCapabilities.chrome()`
May 21, 2019 3:20:08 PM org.openqa.selenium.remote.ProtocolHandshake createSession
INFO: Detected dialect: OSS
May 21, 2019 3:20:52 PM org.openqa.selenium.remote.DesiredCapabilities chrome
INFO: Using `new ChromeOptions()` is preferred to `DesiredCapabilities.chrome()`
May 21, 2019 3:20:54 PM org.openqa.selenium.remote.ProtocolHandshake createSession
INFO: Detected dialect: OSS
May 21, 2019 3:22:04 PM org.openqa.selenium.remote.DesiredCapabilities chrome
INFO: Using `new ChromeOptions()` is preferred to `DesiredCapabilities.chrome()`
May 21, 2019 3:22:06 PM org.openqa.selenium.remote.ProtocolHandshake createSession
INFO: Detected dialect: OSS
May 21, 2019 3:22:49 PM org.openqa.selenium.remote.DesiredCapabilities chrome
INFO: Using `new ChromeOptions()` is preferred to `DesiredCapabilities.chrome()`
May 21, 2019 3:22:51 PM org.openqa.selenium.remote.ProtocolHandshake createSession
INFO: Detected dialect: OSS
</system-err>
  </testcase>
</testsuite>